<?xml version="1.0" encoding="UTF-8"?>
<testng-results skipped="0" failed="0" total="2" passed="2">
  <reporter-output>
  </reporter-output>
  <suite name="Default suite" duration-ms="92106" started-at="2019-07-19T07:10:59Z" finished-at="2019-07-19T07:12:31Z">
    <groups>
    </groups>
    <test name="Default test" duration-ms="92106" started-at="2019-07-19T07:10:59Z" finished-at="2019-07-19T07:12:31Z">
      <class name="com.csq.suites.HomeCsq">
        <test-method status="PASS" signature="addData()[pri:0, instance:com.csq.suites.HomeCsq@3ffc5af1]" name="addData" is-config="true" duration-ms="29385" started-at="2019-07-19T12:40:59Z" finished-at="2019-07-19T12:41:28Z">
          <reporter-output>
          </reporter-output>
        </test-method> <!-- addData -->
        <test-method status="PASS" signature="registrationTest()[pri:0, instance:com.csq.suites.HomeCsq@3ffc5af1]" name="registrationTest" duration-ms="37104" started-at="2019-07-19T12:41:28Z" description="Registeration process for Airport user and CTO user" finished-at="2019-07-19T12:42:06Z">
          <reporter-output>
          </reporter-output>
        </test-method> <!-- registrationTest -->
        <test-method status="PASS" signature="adminApproveAccess()[pri:0, instance:com.csq.suites.HomeCsq@3ffc5af1]" name="adminApproveAccess" duration-ms="25513" started-at="2019-07-19T12:42:06Z" description="Access provided to newly created users by Admin from requests page" finished-at="2019-07-19T12:42:31Z">
          <reporter-output>
          </reporter-output>
        </test-method> <!-- adminApproveAccess -->
      </class> <!-- com.csq.suites.HomeCsq -->
    </test> <!-- Default test -->
  </suite> <!-- Default suite -->
</testng-results>
