<?xml version="1.0" encoding="UTF-8"?>
<!-- Generated by org.testng.reporters.JUnitXMLReporter -->
<testsuite ignored="0" hostname="PENA4-VSP-045" failures="0" tests="3" name="ROI Application Automation Test Reports" time="68.504" errors="0" timestamp="2020-03-11T12:47:58 IST">
  <testcase classname="com.roi.suites.RoiCompleteFlow" name="loginTest" time="21.613"/>
  <testcase classname="com.roi.suites.RoiCompleteFlow" name="verifyLoginWithSalesExicutive" time="22.67"/>
  <testcase classname="com.roi.suites.RoiCompleteFlow" name="quitBrowser" time="0.625"/>
</testsuite> <!-- ROI Application Automation Test Reports -->
