<?xml version="1.0" encoding="UTF-8"?>
<!-- Generated by org.testng.reporters.JUnitXMLReporter -->
<testsuite ignored="0" hostname="PENA4-VSP-045" failures="0" tests="10" name="ROI Application Automation Test Reports" time="205.859" errors="0" timestamp="2020-03-11T16:30:31 IST">
  <testcase classname="com.roi.suites.RoiCompleteFlow" name="loginTest" time="12.234"/>
  <testcase classname="com.roi.suites.RoiCompleteFlow" name="createuser" time="21.462"/>
  <testcase classname="com.roi.suites.RoiCompleteFlow" name="createindustry" time="14.116"/>
  <testcase classname="com.roi.suites.RoiCompleteFlow" name="createNewPostitions" time="29.124"/>
  <testcase classname="com.roi.suites.RoiCompleteFlow" name="createPositionPricing" time="28.992"/>
  <testcase classname="com.roi.suites.RoiCompleteFlow" name="createclient" time="16.586"/>
  <testcase classname="com.roi.suites.RoiCompleteFlow" name="roiCalculationprocess" time="41.068"/>
  <testcase classname="com.roi.suites.RoiCompleteFlow" name="verifyReports" time="11.972"/>
  <testcase classname="com.roi.suites.RoiCompleteFlow" name="verifyLoginWithSalesExicutive" time="17.209"/>
  <testcase classname="com.roi.suites.RoiCompleteFlow" name="quitBrowser" time="0.64"/>
</testsuite> <!-- ROI Application Automation Test Reports -->
