<?xml version="1.0" encoding="UTF-8"?>
<testng-results ignored="0" total="1" passed="1" failed="0" skipped="0">
  <reporter-output>
  </reporter-output>
  <suite started-at="2021-08-17T12:13:03 IST" name="Suite" finished-at="2021-08-17T12:13:13 IST" duration-ms="10033">
    <groups>
    </groups>
    <test started-at="2021-08-17T12:13:03 IST" name="Test" finished-at="2021-08-17T12:13:13 IST" duration-ms="10033">
      <class name="example.NewTest">
        <test-method is-config="true" signature="beforeTest()[pri:0, instance:example.NewTest@4c1d9d4b]" started-at="2021-08-17T12:13:03 IST" name="beforeTest" finished-at="2021-08-17T12:13:05 IST" duration-ms="1916" status="PASS">
          <reporter-output>
          </reporter-output>
        </test-method> <!-- beforeTest -->
        <test-method signature="testEasy()[pri:0, instance:example.NewTest@4c1d9d4b]" started-at="2021-08-17T12:13:05 IST" name="testEasy" finished-at="2021-08-17T12:13:12 IST" duration-ms="7476" status="PASS">
          <reporter-output>
          </reporter-output>
        </test-method> <!-- testEasy -->
        <test-method is-config="true" signature="afterTest()[pri:0, instance:example.NewTest@4c1d9d4b]" started-at="2021-08-17T12:13:12 IST" name="afterTest" finished-at="2021-08-17T12:13:13 IST" duration-ms="621" status="PASS">
          <reporter-output>
          </reporter-output>
        </test-method> <!-- afterTest -->
      </class> <!-- example.NewTest -->
    </test> <!-- Test -->
  </suite> <!-- Suite -->
</testng-results>
